ioctl failed for ioctl failed for wlan0, errno = wlan0, errno = 19 (19 (No such device)No such device)


(skypeforlinux:546): libnotify-WARNING **: 19:23:09.130: Failed to connect to proxy

(skypeforlinux:546): libnotify-WARNING **: 19:23:09.154: Failed to connect to proxy

(skypeforlinux:546): libnotify-WARNING **: 19:23:09.176: Failed to connect to proxy
** Message: 19:23:57.729: Remote error from secret service: org.freedesktop.DBus.Error.UnknownMethod: No such interface 'org.freedesktop.Secret.Collection' on object at path /org/freedesktop/secrets/collection/login
** Message: 19:23:57.730: Remote error from secret service: org.freedesktop.DBus.Error.UnknownMethod: No such interface 'org.freedesktop.Secret.Collection' on object at path /org/freedesktop/secrets/collection/login
ioctl failed for wlan0, errno = 19 (ioctl failed for wlan0, errno = No such device)19 (
No such device)
ALSA lib pcm.c:2565:(snd_pcm_open_noupdate) Unknown PCM mic_call
ALSA lib pcm.c:2565:(snd_pcm_open_noupdate) Unknown PCM call
ALSA lib pcm.c:2565:(snd_pcm_open_noupdate) Unknown PCM mic_call
ALSA lib pcm.c:2565:(snd_pcm_open_noupdate) Unknown PCM call
ALSA lib pcm.c:2565:(snd_pcm_open_noupdate) Unknown PCM mic_call
ALSA lib pcm.c:2565:(snd_pcm_open_noupdate) Unknown PCM call
ioctl failed for wlan0, errno = 19 (No such device)
ioctl failed for wlan0, errno = 19 (No such device)
ioctl failed for wlan0, errno = 19 (No such device)
ioctl failed for wlan0, errno = 19 (No such device)
ioctl failed for wlan0, errno = 19 (No such device)
ioctl failed for wlan0, errno = 19 (No such device)
ioctl failed for wlan0, errno = 19 (No such device)
** Message: 12:41:24.614: Remote error from secret service: org.freedesktop.DBus.Error.UnknownMethod: No such interface 'org.freedesktop.Secret.Collection' on object at path /org/freedesktop/secrets/collection/login
** Message: 12:41:24.984: Remote error from secret service: org.freedesktop.DBus.Error.UnknownMethod: No such interface 'org.freedesktop.Secret.Collection' on object at path /org/freedesktop/secrets/collection/login
ioctl failed for wlan0, errno = 19 (No such device)
ioctl failed for wlan0, errno = 19 (No such device)
